This file contains any messages produced by compilers while
running configure, to aid debugging if configure makes a mistake.

It was created by lwpr configure 1.2.6, which was
generated by GNU Autoconf 2.69.  Invocation command line was

  $ ./configure 

## --------- ##
## Platform. ##
## --------- ##

hostname = leeswon-desktop
uname -m = x86_64
uname -r = 4.2.0-42-generic
uname -s = Linux
uname -v = #49-Ubuntu SMP Tue Jun 28 21:26:26 UTC 2016

/usr/bin/uname -p = unknown
/bin/uname -X     = unknown

/bin/arch              = unknown
/usr/bin/arch -k       = unknown
/usr/convex/getsysinfo = unknown
/usr/bin/hostinfo      = unknown
/bin/machine           = unknown
/usr/bin/oslevel       = unknown
/bin/universe          = unknown

PATH: /opt/ros/kinetic/bin
PATH: /usr/local/sbin
PATH: /usr/local/bin
PATH: /usr/sbin
PATH: /usr/bin
PATH: /sbin
PATH: /bin
PATH: /usr/games
PATH: /usr/local/games


## ----------- ##
## Core tests. ##
## ----------- ##

configure:2493: checking for gcc
configure:2509: found /usr/bin/gcc
configure:2520: result: gcc
configure:2749: checking for C compiler version
configure:2758: gcc --version >&5
gcc (Ubuntu 4.9.3-5ubuntu1) 4.9.3
Copyright (C) 2015 Free Software Foundation, Inc.
This is free software; see the source for copying conditions.  There is NO
warranty; not even for MERCHANTABILITY or FITNESS FOR A PARTICULAR PURPOSE.

configure:2769: $? = 0
configure:2758: gcc -v >&5
Using built-in specs.
COLLECT_GCC=gcc
COLLECT_LTO_WRAPPER=/usr/lib/gcc/x86_64-linux-gnu/4.9/lto-wrapper
Target: x86_64-linux-gnu
Configured with: ../src/configure -v --with-pkgversion='Ubuntu 4.9.3-5ubuntu1' --with-bugurl=file:///usr/share/doc/gcc-4.9/README.Bugs --enable-languages=c,c++,java,go,d,fortran,objc,obj-c++ --prefix=/usr --program-suffix=-4.9 --enable-shared --enable-linker-build-id --libexecdir=/usr/lib --without-included-gettext --enable-threads=posix --with-gxx-include-dir=/usr/include/c++/4.9 --libdir=/usr/lib --enable-nls --with-sysroot=/ --enable-clocale=gnu --enable-libstdcxx-debug --enable-libstdcxx-time=yes --enable-gnu-unique-object --disable-vtable-verify --enable-plugin --with-system-zlib --disable-browser-plugin --enable-java-awt=gtk --enable-gtk-cairo --with-java-home=/usr/lib/jvm/java-1.5.0-gcj-4.9-amd64/jre --enable-java-home --with-jvm-root-dir=/usr/lib/jvm/java-1.5.0-gcj-4.9-amd64 --with-jvm-jar-dir=/usr/lib/jvm-exports/java-1.5.0-gcj-4.9-amd64 --with-arch-directory=amd64 --with-ecj-jar=/usr/share/java/eclipse-ecj.jar --enable-objc-gc --enable-multiarch --disable-werror --with-arch-32=i686 --with-abi=m64 --with-multilib-list=m32,m64,mx32 --enable-multilib --with-tune=generic --enable-checking=release --build=x86_64-linux-gnu --host=x86_64-linux-gnu --target=x86_64-linux-gnu
Thread model: posix
gcc version 4.9.3 (Ubuntu 4.9.3-5ubuntu1) 
configure:2769: $? = 0
configure:2758: gcc -V >&5
gcc: error: unrecognized command line option '-V'
gcc: fatal error: no input files
compilation terminated.
configure:2769: $? = 4
configure:2758: gcc -qversion >&5
gcc: error: unrecognized command line option '-qversion'
gcc: fatal error: no input files
compilation terminated.
configure:2769: $? = 4
configure:2789: checking whether the C compiler works
configure:2811: gcc    conftest.c  >&5
configure:2815: $? = 0
configure:2863: result: yes
configure:2866: checking for C compiler default output file name
configure:2868: result: a.out
configure:2874: checking for suffix of executables
configure:2881: gcc -o conftest    conftest.c  >&5
configure:2885: $? = 0
configure:2907: result: 
configure:2929: checking whether we are cross compiling
configure:2937: gcc -o conftest    conftest.c  >&5
configure:2941: $? = 0
configure:2948: ./conftest
configure:2952: $? = 0
configure:2967: result: no
configure:2972: checking for suffix of object files
configure:2994: gcc -c   conftest.c >&5
configure:2998: $? = 0
configure:3019: result: o
configure:3023: checking whether we are using the GNU C compiler
configure:3042: gcc -c   conftest.c >&5
configure:3042: $? = 0
configure:3051: result: yes
configure:3060: checking whether gcc accepts -g
configure:3080: gcc -c -g  conftest.c >&5
configure:3080: $? = 0
configure:3121: result: yes
configure:3138: checking for gcc option to accept ISO C89
configure:3201: gcc  -c -g -O2  conftest.c >&5
configure:3201: $? = 0
configure:3214: result: none needed
configure:3239: checking whether gcc understands -c and -o together
configure:3261: gcc -c conftest.c -o conftest2.o
configure:3264: $? = 0
configure:3261: gcc -c conftest.c -o conftest2.o
configure:3264: $? = 0
configure:3276: result: yes
configure:3343: checking for ar
configure:3359: found /usr/bin/ar
configure:3370: result: ar
configure:3396: checking the archiver (ar) interface
configure:3412: gcc -c -g -O2  conftest.c >&5
configure:3412: $? = 0
configure:3414: ar cru libconftest.a conftest.o >&5
ar: `u' modifier ignored since `D' is the default (see `U')
configure:3417: $? = 0
configure:3445: result: ar
configure:3494: checking build system type
configure:3508: result: x86_64-unknown-linux-gnu
configure:3528: checking host system type
configure:3541: result: x86_64-unknown-linux-gnu
configure:3582: checking how to print strings
configure:3609: result: printf
configure:3630: checking for a sed that does not truncate output
configure:3694: result: /bin/sed
configure:3712: checking for grep that handles long lines and -e
configure:3770: result: /bin/grep
configure:3775: checking for egrep
configure:3837: result: /bin/grep -E
configure:3842: checking for fgrep
configure:3904: result: /bin/grep -F
configure:3939: checking for ld used by gcc
configure:4006: result: /usr/bin/ld
configure:4013: checking if the linker (/usr/bin/ld) is GNU ld
configure:4028: result: yes
configure:4040: checking for BSD- or MS-compatible name lister (nm)
configure:4089: result: /usr/bin/nm -B
configure:4219: checking the name lister (/usr/bin/nm -B) interface
configure:4226: gcc -c -g -O2  conftest.c >&5
configure:4229: /usr/bin/nm -B "conftest.o"
configure:4232: output
0000000000000000 B some_variable
configure:4239: result: BSD nm
configure:4242: checking whether ln -s works
configure:4246: result: yes
configure:4254: checking the maximum length of command line arguments
configure:4385: result: 1572864
configure:4402: checking whether the shell understands some XSI constructs
configure:4412: result: yes
configure:4416: checking whether the shell understands "+="
configure:4422: result: yes
configure:4457: checking how to convert x86_64-unknown-linux-gnu file names to x86_64-unknown-linux-gnu format
configure:4497: result: func_convert_file_noop
configure:4504: checking how to convert x86_64-unknown-linux-gnu file names to toolchain format
configure:4524: result: func_convert_file_noop
configure:4531: checking for /usr/bin/ld option to reload object files
configure:4538: result: -r
configure:4612: checking for objdump
configure:4628: found /usr/bin/objdump
configure:4639: result: objdump
configure:4671: checking how to recognize dependent libraries
configure:4869: result: pass_all
configure:4954: checking for dlltool
configure:4984: result: no
configure:5014: checking how to associate runtime and link libraries
configure:5041: result: printf %s\n
configure:5165: checking for archiver @FILE support
configure:5182: gcc -c -g -O2  conftest.c >&5
configure:5182: $? = 0
configure:5185: ar cru libconftest.a @conftest.lst >&5
ar: `u' modifier ignored since `D' is the default (see `U')
configure:5188: $? = 0
configure:5193: ar cru libconftest.a @conftest.lst >&5
ar: `u' modifier ignored since `D' is the default (see `U')
ar: conftest.o: No such file or directory
configure:5196: $? = 1
configure:5208: result: @
configure:5266: checking for strip
configure:5282: found /usr/bin/strip
configure:5293: result: strip
configure:5365: checking for ranlib
configure:5381: found /usr/bin/ranlib
configure:5392: result: ranlib
configure:5469: checking for gawk
configure:5499: result: no
configure:5469: checking for mawk
configure:5485: found /usr/bin/mawk
configure:5496: result: mawk
configure:5536: checking command to parse /usr/bin/nm -B output from gcc object
configure:5656: gcc -c -g -O2  conftest.c >&5
configure:5659: $? = 0
configure:5663: /usr/bin/nm -B conftest.o \| sed -n -e 's/^.*[ ]\([ABCDGIRSTW][ABCDGIRSTW]*\)[ ][ ]*\([_A-Za-z][_A-Za-z0-9]*\)$/\1 \2 \2/p' | sed '/ __gnu_lto/d' \> conftest.nm
configure:5666: $? = 0
configure:5732: gcc -o conftest -g -O2   conftest.c conftstm.o >&5
configure:5735: $? = 0
configure:5773: result: ok
configure:5810: checking for sysroot
configure:5840: result: no
configure:5917: gcc -c -g -O2  conftest.c >&5
configure:5920: $? = 0
configure:6109: checking for mt
configure:6125: found /bin/mt
configure:6136: result: mt
configure:6159: checking if mt is a manifest tool
configure:6165: mt '-?'
configure:6173: result: no
configure:6815: checking how to run the C preprocessor
configure:6846: gcc -E  conftest.c
configure:6846: $? = 0
configure:6860: gcc -E  conftest.c
conftest.c:9:28: fatal error: ac_nonexistent.h: No such file or directory
 #include <ac_nonexistent.h>
                            ^
compilation terminated.
configure:6860: $? = 1
configure: failed program was:
| /* confdefs.h */
| #define PACKAGE_NAME "lwpr"
| #define PACKAGE_TARNAME "lwpr"
| #define PACKAGE_VERSION "1.2.6"
| #define PACKAGE_STRING "lwpr 1.2.6"
| #define PACKAGE_BUGREPORT "sethu.vijayakumar@ed.ac.uk"
| #define PACKAGE_URL ""
| /* end confdefs.h.  */
| #include <ac_nonexistent.h>
configure:6885: result: gcc -E
configure:6905: gcc -E  conftest.c
configure:6905: $? = 0
configure:6919: gcc -E  conftest.c
conftest.c:9:28: fatal error: ac_nonexistent.h: No such file or directory
 #include <ac_nonexistent.h>
                            ^
compilation terminated.
configure:6919: $? = 1
configure: failed program was:
| /* confdefs.h */
| #define PACKAGE_NAME "lwpr"
| #define PACKAGE_TARNAME "lwpr"
| #define PACKAGE_VERSION "1.2.6"
| #define PACKAGE_STRING "lwpr 1.2.6"
| #define PACKAGE_BUGREPORT "sethu.vijayakumar@ed.ac.uk"
| #define PACKAGE_URL ""
| /* end confdefs.h.  */
| #include <ac_nonexistent.h>
configure:6948: checking for ANSI C header files
configure:6968: gcc -c -g -O2  conftest.c >&5
configure:6968: $? = 0
configure:7041: gcc -o conftest -g -O2   conftest.c  >&5
configure:7041: $? = 0
configure:7041: ./conftest
configure:7041: $? = 0
configure:7052: result: yes
configure:7065: checking for sys/types.h
configure:7065: gcc -c -g -O2  conftest.c >&5
configure:7065: $? = 0
configure:7065: result: yes
configure:7065: checking for sys/stat.h
configure:7065: gcc -c -g -O2  conftest.c >&5
configure:7065: $? = 0
configure:7065: result: yes
configure:7065: checking for stdlib.h
configure:7065: gcc -c -g -O2  conftest.c >&5
configure:7065: $? = 0
configure:7065: result: yes
configure:7065: checking for string.h
configure:7065: gcc -c -g -O2  conftest.c >&5
configure:7065: $? = 0
configure:7065: result: yes
configure:7065: checking for memory.h
configure:7065: gcc -c -g -O2  conftest.c >&5
configure:7065: $? = 0
configure:7065: result: yes
configure:7065: checking for strings.h
configure:7065: gcc -c -g -O2  conftest.c >&5
configure:7065: $? = 0
configure:7065: result: yes
configure:7065: checking for inttypes.h
configure:7065: gcc -c -g -O2  conftest.c >&5
configure:7065: $? = 0
configure:7065: result: yes
configure:7065: checking for stdint.h
configure:7065: gcc -c -g -O2  conftest.c >&5
configure:7065: $? = 0
configure:7065: result: yes
configure:7065: checking for unistd.h
configure:7065: gcc -c -g -O2  conftest.c >&5
configure:7065: $? = 0
configure:7065: result: yes
configure:7079: checking for dlfcn.h
configure:7079: gcc -c -g -O2  conftest.c >&5
configure:7079: $? = 0
configure:7079: result: yes
configure:7285: checking for objdir
configure:7300: result: .libs
configure:7571: checking if gcc supports -fno-rtti -fno-exceptions
configure:7589: gcc -c -g -O2  -fno-rtti -fno-exceptions conftest.c >&5
cc1: warning: command line option '-fno-rtti' is valid for C++/ObjC++ but not for C
configure:7593: $? = 0
configure:7606: result: no
configure:7933: checking for gcc option to produce PIC
configure:7940: result: -fPIC -DPIC
configure:7948: checking if gcc PIC flag -fPIC -DPIC works
configure:7966: gcc -c -g -O2  -fPIC -DPIC -DPIC conftest.c >&5
configure:7970: $? = 0
configure:7983: result: yes
configure:8012: checking if gcc static flag -static works
configure:8040: result: yes
configure:8055: checking if gcc supports -c -o file.o
configure:8076: gcc -c -g -O2  -o out/conftest2.o conftest.c >&5
configure:8080: $? = 0
configure:8102: result: yes
configure:8110: checking if gcc supports -c -o file.o
configure:8157: result: yes
configure:8190: checking whether the gcc linker (/usr/bin/ld -m elf_x86_64) supports shared libraries
configure:9347: result: yes
configure:9384: checking whether -lc should be explicitly linked in
configure:9392: gcc -c -g -O2  conftest.c >&5
configure:9395: $? = 0
configure:9410: gcc -shared  -fPIC -DPIC conftest.o  -v -Wl,-soname -Wl,conftest -o conftest 2\>\&1 \| /bin/grep  -lc  \>/dev/null 2\>\&1
configure:9413: $? = 0
configure:9427: result: no
configure:9587: checking dynamic linker characteristics
configure:10087: gcc -o conftest -g -O2   -Wl,-rpath -Wl,/foo conftest.c  >&5
configure:10087: $? = 0
configure:10321: result: GNU/Linux ld.so
configure:10428: checking how to hardcode library paths into programs
configure:10453: result: immediate
configure:10993: checking whether stripping libraries is possible
configure:10998: result: yes
configure:11033: checking if libtool supports shared libraries
configure:11035: result: yes
configure:11038: checking whether to build shared libraries
configure:11059: result: yes
configure:11062: checking whether to build static libraries
configure:11066: result: yes
configure:11152: checking for gcc
configure:11179: result: gcc
configure:11408: checking for C compiler version
configure:11417: gcc --version >&5
gcc (Ubuntu 4.9.3-5ubuntu1) 4.9.3
Copyright (C) 2015 Free Software Foundation, Inc.
This is free software; see the source for copying conditions.  There is NO
warranty; not even for MERCHANTABILITY or FITNESS FOR A PARTICULAR PURPOSE.

configure:11428: $? = 0
configure:11417: gcc -v >&5
Using built-in specs.
COLLECT_GCC=gcc
COLLECT_LTO_WRAPPER=/usr/lib/gcc/x86_64-linux-gnu/4.9/lto-wrapper
Target: x86_64-linux-gnu
Configured with: ../src/configure -v --with-pkgversion='Ubuntu 4.9.3-5ubuntu1' --with-bugurl=file:///usr/share/doc/gcc-4.9/README.Bugs --enable-languages=c,c++,java,go,d,fortran,objc,obj-c++ --prefix=/usr --program-suffix=-4.9 --enable-shared --enable-linker-build-id --libexecdir=/usr/lib --without-included-gettext --enable-threads=posix --with-gxx-include-dir=/usr/include/c++/4.9 --libdir=/usr/lib --enable-nls --with-sysroot=/ --enable-clocale=gnu --enable-libstdcxx-debug --enable-libstdcxx-time=yes --enable-gnu-unique-object --disable-vtable-verify --enable-plugin --with-system-zlib --disable-browser-plugin --enable-java-awt=gtk --enable-gtk-cairo --with-java-home=/usr/lib/jvm/java-1.5.0-gcj-4.9-amd64/jre --enable-java-home --with-jvm-root-dir=/usr/lib/jvm/java-1.5.0-gcj-4.9-amd64 --with-jvm-jar-dir=/usr/lib/jvm-exports/java-1.5.0-gcj-4.9-amd64 --with-arch-directory=amd64 --with-ecj-jar=/usr/share/java/eclipse-ecj.jar --enable-objc-gc --enable-multiarch --disable-werror --with-arch-32=i686 --with-abi=m64 --with-multilib-list=m32,m64,mx32 --enable-multilib --with-tune=generic --enable-checking=release --build=x86_64-linux-gnu --host=x86_64-linux-gnu --target=x86_64-linux-gnu
Thread model: posix
gcc version 4.9.3 (Ubuntu 4.9.3-5ubuntu1) 
configure:11428: $? = 0
configure:11417: gcc -V >&5
gcc: error: unrecognized command line option '-V'
gcc: fatal error: no input files
compilation terminated.
configure:11428: $? = 4
configure:11417: gcc -qversion >&5
gcc: error: unrecognized command line option '-qversion'
gcc: fatal error: no input files
compilation terminated.
configure:11428: $? = 4
configure:11432: checking whether we are using the GNU C compiler
configure:11460: result: yes
configure:11469: checking whether gcc accepts -g
configure:11530: result: yes
configure:11547: checking for gcc option to accept ISO C89
configure:11623: result: none needed
configure:11648: checking whether gcc understands -c and -o together
configure:11685: result: yes
configure:11761: checking for g++
configure:11777: found /usr/bin/g++
configure:11788: result: g++
configure:11815: checking for C++ compiler version
configure:11824: g++ --version >&5
g++ (Ubuntu 4.9.3-5ubuntu1) 4.9.3
Copyright (C) 2015 Free Software Foundation, Inc.
This is free software; see the source for copying conditions.  There is NO
warranty; not even for MERCHANTABILITY or FITNESS FOR A PARTICULAR PURPOSE.

configure:11835: $? = 0
configure:11824: g++ -v >&5
Using built-in specs.
COLLECT_GCC=g++
COLLECT_LTO_WRAPPER=/usr/lib/gcc/x86_64-linux-gnu/4.9/lto-wrapper
Target: x86_64-linux-gnu
Configured with: ../src/configure -v --with-pkgversion='Ubuntu 4.9.3-5ubuntu1' --with-bugurl=file:///usr/share/doc/gcc-4.9/README.Bugs --enable-languages=c,c++,java,go,d,fortran,objc,obj-c++ --prefix=/usr --program-suffix=-4.9 --enable-shared --enable-linker-build-id --libexecdir=/usr/lib --without-included-gettext --enable-threads=posix --with-gxx-include-dir=/usr/include/c++/4.9 --libdir=/usr/lib --enable-nls --with-sysroot=/ --enable-clocale=gnu --enable-libstdcxx-debug --enable-libstdcxx-time=yes --enable-gnu-unique-object --disable-vtable-verify --enable-plugin --with-system-zlib --disable-browser-plugin --enable-java-awt=gtk --enable-gtk-cairo --with-java-home=/usr/lib/jvm/java-1.5.0-gcj-4.9-amd64/jre --enable-java-home --with-jvm-root-dir=/usr/lib/jvm/java-1.5.0-gcj-4.9-amd64 --with-jvm-jar-dir=/usr/lib/jvm-exports/java-1.5.0-gcj-4.9-amd64 --with-arch-directory=amd64 --with-ecj-jar=/usr/share/java/eclipse-ecj.jar --enable-objc-gc --enable-multiarch --disable-werror --with-arch-32=i686 --with-abi=m64 --with-multilib-list=m32,m64,mx32 --enable-multilib --with-tune=generic --enable-checking=release --build=x86_64-linux-gnu --host=x86_64-linux-gnu --target=x86_64-linux-gnu
Thread model: posix
gcc version 4.9.3 (Ubuntu 4.9.3-5ubuntu1) 
configure:11835: $? = 0
configure:11824: g++ -V >&5
g++: error: unrecognized command line option '-V'
g++: fatal error: no input files
compilation terminated.
configure:11835: $? = 4
configure:11824: g++ -qversion >&5
g++: error: unrecognized command line option '-qversion'
g++: fatal error: no input files
compilation terminated.
configure:11835: $? = 4
configure:11839: checking whether we are using the GNU C++ compiler
configure:11858: g++ -c   conftest.cpp >&5
configure:11858: $? = 0
configure:11867: result: yes
configure:11876: checking whether g++ accepts -g
configure:11896: g++ -c -g  conftest.cpp >&5
configure:11896: $? = 0
configure:11937: result: yes
configure:11978: checking how to run the C++ preprocessor
configure:12005: g++ -E  conftest.cpp
configure:12005: $? = 0
configure:12019: g++ -E  conftest.cpp
conftest.cpp:21:28: fatal error: ac_nonexistent.h: No such file or directory
 #include <ac_nonexistent.h>
                            ^
compilation terminated.
configure:12019: $? = 1
configure: failed program was:
| /* confdefs.h */
| #define PACKAGE_NAME "lwpr"
| #define PACKAGE_TARNAME "lwpr"
| #define PACKAGE_VERSION "1.2.6"
| #define PACKAGE_STRING "lwpr 1.2.6"
| #define PACKAGE_BUGREPORT "sethu.vijayakumar@ed.ac.uk"
| #define PACKAGE_URL ""
| #define STDC_HEADERS 1
| #define HAVE_SYS_TYPES_H 1
| #define HAVE_SYS_STAT_H 1
| #define HAVE_STDLIB_H 1
| #define HAVE_STRING_H 1
| #define HAVE_MEMORY_H 1
| #define HAVE_STRINGS_H 1
| #define HAVE_INTTYPES_H 1
| #define HAVE_STDINT_H 1
| #define HAVE_UNISTD_H 1
| #define HAVE_DLFCN_H 1
| #define LT_OBJDIR ".libs/"
| /* end confdefs.h.  */
| #include <ac_nonexistent.h>
configure:12044: result: g++ -E
configure:12064: g++ -E  conftest.cpp
configure:12064: $? = 0
configure:12078: g++ -E  conftest.cpp
conftest.cpp:21:28: fatal error: ac_nonexistent.h: No such file or directory
 #include <ac_nonexistent.h>
                            ^
compilation terminated.
configure:12078: $? = 1
configure: failed program was:
| /* confdefs.h */
| #define PACKAGE_NAME "lwpr"
| #define PACKAGE_TARNAME "lwpr"
| #define PACKAGE_VERSION "1.2.6"
| #define PACKAGE_STRING "lwpr 1.2.6"
| #define PACKAGE_BUGREPORT "sethu.vijayakumar@ed.ac.uk"
| #define PACKAGE_URL ""
| #define STDC_HEADERS 1
| #define HAVE_SYS_TYPES_H 1
| #define HAVE_SYS_STAT_H 1
| #define HAVE_STDLIB_H 1
| #define HAVE_STRING_H 1
| #define HAVE_MEMORY_H 1
| #define HAVE_STRINGS_H 1
| #define HAVE_INTTYPES_H 1
| #define HAVE_STDINT_H 1
| #define HAVE_UNISTD_H 1
| #define HAVE_DLFCN_H 1
| #define LT_OBJDIR ".libs/"
| /* end confdefs.h.  */
| #include <ac_nonexistent.h>
configure:12247: checking for ld used by g++
configure:12314: result: /usr/bin/ld -m elf_x86_64
configure:12321: checking if the linker (/usr/bin/ld -m elf_x86_64) is GNU ld
configure:12336: result: yes
configure:12391: checking whether the g++ linker (/usr/bin/ld -m elf_x86_64) supports shared libraries
configure:13393: result: yes
configure:13429: g++ -c -g -O2  conftest.cpp >&5
configure:13432: $? = 0
configure:13952: checking for g++ option to produce PIC
configure:13959: result: -fPIC -DPIC
configure:13967: checking if g++ PIC flag -fPIC -DPIC works
configure:13985: g++ -c -g -O2  -fPIC -DPIC -DPIC conftest.cpp >&5
configure:13989: $? = 0
configure:14002: result: yes
configure:14025: checking if g++ static flag -static works
configure:14053: result: yes
configure:14065: checking if g++ supports -c -o file.o
configure:14086: g++ -c -g -O2  -o out/conftest2.o conftest.cpp >&5
configure:14090: $? = 0
configure:14112: result: yes
configure:14117: checking if g++ supports -c -o file.o
configure:14164: result: yes
configure:14194: checking whether the g++ linker (/usr/bin/ld -m elf_x86_64) supports shared libraries
configure:14233: result: yes
configure:14374: checking dynamic linker characteristics
configure:15042: result: GNU/Linux ld.so
configure:15095: checking how to hardcode library paths into programs
configure:15120: result: immediate
configure:15178: checking for a BSD-compatible install
configure:15246: result: /usr/bin/install -c
configure:15257: checking whether build environment is sane
configure:15312: result: yes
configure:15460: checking for a thread-safe mkdir -p
configure:15499: result: /bin/mkdir -p
configure:15502: checking whether make sets $(MAKE)
configure:15524: result: yes
configure:15554: checking for style of include used by make
configure:15582: result: GNU
configure:15616: checking whether make supports nested variables
configure:15633: result: yes
configure:15718: checking dependency style of gcc
configure:15829: result: gcc3
configure:15846: checking dependency style of g++
configure:15957: result: gcc3
configure:16015: checking for XML_ParserCreate in -lexpat
configure:16040: gcc -o conftest -g -O2   conftest.c -lexpat   >&5
configure:16040: $? = 0
configure:16049: result: yes
configure:16060: checking for sqrt in -lm
configure:16085: gcc -o conftest -g -O2   conftest.c -lm  -lexpat  >&5
conftest.c:31:6: warning: conflicting types for built-in function 'sqrt'
 char sqrt ();
      ^
configure:16085: $? = 0
configure:16094: result: yes
configure:16105: checking for pthread_create in -lpthread
configure:16130: gcc -o conftest -g -O2   conftest.c -lpthread  -lm -lexpat  >&5
configure:16130: $? = 0
configure:16139: result: yes
configure:16153: checking for memset
configure:16153: gcc -o conftest -g -O2   conftest.c -lpthread -lm -lexpat  >&5
conftest.c:49:6: warning: conflicting types for built-in function 'memset'
 char memset ();
      ^
configure:16153: $? = 0
configure:16153: result: yes
configure:16164: checking for strcasecmp
configure:16164: gcc -o conftest -g -O2   conftest.c -lpthread -lm -lexpat  >&5
conftest.c:50:6: warning: conflicting types for built-in function 'strcasecmp'
 char strcasecmp ();
      ^
configure:16164: $? = 0
configure:16164: result: yes
configure:16175: checking for strtol
configure:16175: gcc -o conftest -g -O2   conftest.c -lpthread -lm -lexpat  >&5
configure:16175: $? = 0
configure:16175: result: yes
configure:16185: checking for an ANSI C-conforming const
configure:16251: gcc -c -g -O2  conftest.c >&5
configure:16251: $? = 0
configure:16258: result: yes
configure:16266: checking for error_at_line
configure:16282: gcc -o conftest -g -O2   conftest.c -lpthread -lm -lexpat  >&5
configure:16282: $? = 0
configure:16290: result: yes
configure:16303: checking for stdlib.h
configure:16303: result: yes
configure:16313: checking for GNU libc compatible malloc
configure:16337: gcc -o conftest -g -O2   conftest.c -lpthread -lm -lexpat  >&5
configure:16337: $? = 0
configure:16337: ./conftest
configure:16337: $? = 0
configure:16347: result: yes
configure:16368: checking for working strtod
configure:16409: gcc -o conftest -g -O2   conftest.c -lpthread -lm -lexpat  >&5
configure:16409: $? = 0
configure:16409: ./conftest
configure:16409: $? = 0
configure:16419: result: yes
configure:16481: checking for size_t
configure:16481: gcc -c -g -O2  conftest.c >&5
configure:16481: $? = 0
configure:16481: gcc -c -g -O2  conftest.c >&5
conftest.c: In function 'main':
conftest.c:67:21: error: expected expression before ')' token
 if (sizeof ((size_t)))
                     ^
configure:16481: $? = 1
configure: failed program was:
| /* confdefs.h */
| #define PACKAGE_NAME "lwpr"
| #define PACKAGE_TARNAME "lwpr"
| #define PACKAGE_VERSION "1.2.6"
| #define PACKAGE_STRING "lwpr 1.2.6"
| #define PACKAGE_BUGREPORT "sethu.vijayakumar@ed.ac.uk"
| #define PACKAGE_URL ""
| #define STDC_HEADERS 1
| #define HAVE_SYS_TYPES_H 1
| #define HAVE_SYS_STAT_H 1
| #define HAVE_STDLIB_H 1
| #define HAVE_STRING_H 1
| #define HAVE_MEMORY_H 1
| #define HAVE_STRINGS_H 1
| #define HAVE_INTTYPES_H 1
| #define HAVE_STDINT_H 1
| #define HAVE_UNISTD_H 1
| #define HAVE_DLFCN_H 1
| #define LT_OBJDIR ".libs/"
| #define PACKAGE "lwpr"
| #define VERSION "1.2.6"
| #define HAVE_LIBEXPAT 1
| #define HAVE_LIBM 1
| #define HAVE_LIBPTHREAD 1
| #define HAVE_MEMSET 1
| #define HAVE_STRCASECMP 1
| #define HAVE_STRTOL 1
| #define HAVE_STDLIB_H 1
| #define HAVE_MALLOC 1
| /* end confdefs.h.  */
| #include <stdio.h>
| #ifdef HAVE_SYS_TYPES_H
| # include <sys/types.h>
| #endif
| #ifdef HAVE_SYS_STAT_H
| # include <sys/stat.h>
| #endif
| #ifdef STDC_HEADERS
| # include <stdlib.h>
| # include <stddef.h>
| #else
| # ifdef HAVE_STDLIB_H
| #  include <stdlib.h>
| # endif
| #endif
| #ifdef HAVE_STRING_H
| # if !defined STDC_HEADERS && defined HAVE_MEMORY_H
| #  include <memory.h>
| # endif
| # include <string.h>
| #endif
| #ifdef HAVE_STRINGS_H
| # include <strings.h>
| #endif
| #ifdef HAVE_INTTYPES_H
| # include <inttypes.h>
| #endif
| #ifdef HAVE_STDINT_H
| # include <stdint.h>
| #endif
| #ifdef HAVE_UNISTD_H
| # include <unistd.h>
| #endif
| int
| main ()
| {
| if (sizeof ((size_t)))
| 	    return 0;
|   ;
|   return 0;
| }
configure:16481: result: yes
configure:16493: checking for stdbool.h that conforms to C99
configure:16560: gcc -c -g -O2  conftest.c >&5
configure:16560: $? = 0
configure:16567: result: yes
configure:16569: checking for _Bool
configure:16569: gcc -c -g -O2  conftest.c >&5
configure:16569: $? = 0
configure:16569: gcc -c -g -O2  conftest.c >&5
conftest.c: In function 'main':
conftest.c:67:20: error: expected expression before ')' token
 if (sizeof ((_Bool)))
                    ^
configure:16569: $? = 1
configure: failed program was:
| /* confdefs.h */
| #define PACKAGE_NAME "lwpr"
| #define PACKAGE_TARNAME "lwpr"
| #define PACKAGE_VERSION "1.2.6"
| #define PACKAGE_STRING "lwpr 1.2.6"
| #define PACKAGE_BUGREPORT "sethu.vijayakumar@ed.ac.uk"
| #define PACKAGE_URL ""
| #define STDC_HEADERS 1
| #define HAVE_SYS_TYPES_H 1
| #define HAVE_SYS_STAT_H 1
| #define HAVE_STDLIB_H 1
| #define HAVE_STRING_H 1
| #define HAVE_MEMORY_H 1
| #define HAVE_STRINGS_H 1
| #define HAVE_INTTYPES_H 1
| #define HAVE_STDINT_H 1
| #define HAVE_UNISTD_H 1
| #define HAVE_DLFCN_H 1
| #define LT_OBJDIR ".libs/"
| #define PACKAGE "lwpr"
| #define VERSION "1.2.6"
| #define HAVE_LIBEXPAT 1
| #define HAVE_LIBM 1
| #define HAVE_LIBPTHREAD 1
| #define HAVE_MEMSET 1
| #define HAVE_STRCASECMP 1
| #define HAVE_STRTOL 1
| #define HAVE_STDLIB_H 1
| #define HAVE_MALLOC 1
| /* end confdefs.h.  */
| #include <stdio.h>
| #ifdef HAVE_SYS_TYPES_H
| # include <sys/types.h>
| #endif
| #ifdef HAVE_SYS_STAT_H
| # include <sys/stat.h>
| #endif
| #ifdef STDC_HEADERS
| # include <stdlib.h>
| # include <stddef.h>
| #else
| # ifdef HAVE_STDLIB_H
| #  include <stdlib.h>
| # endif
| #endif
| #ifdef HAVE_STRING_H
| # if !defined STDC_HEADERS && defined HAVE_MEMORY_H
| #  include <memory.h>
| # endif
| # include <string.h>
| #endif
| #ifdef HAVE_STRINGS_H
| # include <strings.h>
| #endif
| #ifdef HAVE_INTTYPES_H
| # include <inttypes.h>
| #endif
| #ifdef HAVE_STDINT_H
| # include <stdint.h>
| #endif
| #ifdef HAVE_UNISTD_H
| # include <unistd.h>
| #endif
| int
| main ()
| {
| if (sizeof ((_Bool)))
| 	    return 0;
|   ;
|   return 0;
| }
configure:16569: result: yes
configure:16586: checking for ANSI C header files
configure:16690: result: yes
configure:16698: checking whether struct tm is in sys/time.h or time.h
configure:16718: gcc -c -g -O2  conftest.c >&5
configure:16718: $? = 0
configure:16725: result: time.h
configure:16951: checking that generated files are newer than configure
configure:16957: result: done
configure:16984: creating ./config.status

## ---------------------- ##
## Running config.status. ##
## ---------------------- ##

This file was extended by lwpr config.status 1.2.6, which was
generated by GNU Autoconf 2.69.  Invocation command line was

  CONFIG_FILES    = 
  CONFIG_HEADERS  = 
  CONFIG_LINKS    = 
  CONFIG_COMMANDS = 
  $ ./config.status 

on leeswon-desktop

config.status:1168: creating Makefile
config.status:1168: creating src/Makefile
config.status:1168: creating include/Makefile
config.status:1168: creating example_c/Makefile
config.status:1168: creating example_cpp/Makefile
config.status:1168: creating tests/Makefile
config.status:1168: creating include/lwpr_config.h
config.status:1349: include/lwpr_config.h is unchanged
config.status:1397: executing libtool commands
config.status:1397: executing depfiles commands

## ---------------- ##
## Cache variables. ##
## ---------------- ##

ac_cv_build=x86_64-unknown-linux-gnu
ac_cv_c_compiler_gnu=yes
ac_cv_c_const=yes
ac_cv_cxx_compiler_gnu=yes
ac_cv_env_CCC_set=
ac_cv_env_CCC_value=
ac_cv_env_CC_set=
ac_cv_env_CC_value=
ac_cv_env_CFLAGS_set=
ac_cv_env_CFLAGS_value=
ac_cv_env_CPPFLAGS_set=
ac_cv_env_CPPFLAGS_value=
ac_cv_env_CPP_set=
ac_cv_env_CPP_value=
ac_cv_env_CXXCPP_set=
ac_cv_env_CXXCPP_value=
ac_cv_env_CXXFLAGS_set=
ac_cv_env_CXXFLAGS_value=
ac_cv_env_CXX_set=
ac_cv_env_CXX_value=
ac_cv_env_LDFLAGS_set=
ac_cv_env_LDFLAGS_value=
ac_cv_env_LIBS_set=
ac_cv_env_LIBS_value=
ac_cv_env_build_alias_set=
ac_cv_env_build_alias_value=
ac_cv_env_host_alias_set=
ac_cv_env_host_alias_value=
ac_cv_env_target_alias_set=
ac_cv_env_target_alias_value=
ac_cv_func_malloc_0_nonnull=yes
ac_cv_func_memset=yes
ac_cv_func_strcasecmp=yes
ac_cv_func_strtod=yes
ac_cv_func_strtol=yes
ac_cv_header_dlfcn_h=yes
ac_cv_header_inttypes_h=yes
ac_cv_header_memory_h=yes
ac_cv_header_stdbool_h=yes
ac_cv_header_stdc=yes
ac_cv_header_stdint_h=yes
ac_cv_header_stdlib_h=yes
ac_cv_header_string_h=yes
ac_cv_header_strings_h=yes
ac_cv_header_sys_stat_h=yes
ac_cv_header_sys_types_h=yes
ac_cv_header_unistd_h=yes
ac_cv_host=x86_64-unknown-linux-gnu
ac_cv_lib_error_at_line=yes
ac_cv_lib_expat_XML_ParserCreate=yes
ac_cv_lib_m_sqrt=yes
ac_cv_lib_pthread_pthread_create=yes
ac_cv_objext=o
ac_cv_path_EGREP='/bin/grep -E'
ac_cv_path_FGREP='/bin/grep -F'
ac_cv_path_GREP=/bin/grep
ac_cv_path_SED=/bin/sed
ac_cv_path_install='/usr/bin/install -c'
ac_cv_path_mkdir=/bin/mkdir
ac_cv_prog_AWK=mawk
ac_cv_prog_CPP='gcc -E'
ac_cv_prog_CXXCPP='g++ -E'
ac_cv_prog_ac_ct_AR=ar
ac_cv_prog_ac_ct_CC=gcc
ac_cv_prog_ac_ct_CXX=g++
ac_cv_prog_ac_ct_MANIFEST_TOOL=mt
ac_cv_prog_ac_ct_OBJDUMP=objdump
ac_cv_prog_ac_ct_RANLIB=ranlib
ac_cv_prog_ac_ct_STRIP=strip
ac_cv_prog_cc_c89=
ac_cv_prog_cc_g=yes
ac_cv_prog_cxx_g=yes
ac_cv_prog_make_make_set=yes
ac_cv_struct_tm=time.h
ac_cv_type__Bool=yes
ac_cv_type_size_t=yes
am_cv_CC_dependencies_compiler_type=gcc3
am_cv_CXX_dependencies_compiler_type=gcc3
am_cv_ar_interface=ar
am_cv_make_support_nested_variables=yes
am_cv_prog_cc_c_o=yes
lt_cv_ar_at_file=@
lt_cv_archive_cmds_need_lc=no
lt_cv_deplibs_check_method=pass_all
lt_cv_file_magic_cmd='$MAGIC_CMD'
lt_cv_file_magic_test_file=
lt_cv_ld_reload_flag=-r
lt_cv_nm_interface='BSD nm'
lt_cv_objdir=.libs
lt_cv_path_LD=/usr/bin/ld
lt_cv_path_LDCXX='/usr/bin/ld -m elf_x86_64'
lt_cv_path_NM='/usr/bin/nm -B'
lt_cv_path_mainfest_tool=no
lt_cv_prog_compiler_c_o=yes
lt_cv_prog_compiler_c_o_CXX=yes
lt_cv_prog_compiler_pic='-fPIC -DPIC'
lt_cv_prog_compiler_pic_CXX='-fPIC -DPIC'
lt_cv_prog_compiler_pic_works=yes
lt_cv_prog_compiler_pic_works_CXX=yes
lt_cv_prog_compiler_rtti_exceptions=no
lt_cv_prog_compiler_static_works=yes
lt_cv_prog_compiler_static_works_CXX=yes
lt_cv_prog_gnu_ld=yes
lt_cv_prog_gnu_ldcxx=yes
lt_cv_sharedlib_from_linklib_cmd='printf %s\n'
lt_cv_shlibpath_overrides_runpath=no
lt_cv_sys_global_symbol_pipe='sed -n -e '\''s/^.*[	 ]\([ABCDGIRSTW][ABCDGIRSTW]*\)[	 ][	 ]*\([_A-Za-z][_A-Za-z0-9]*\)$/\1 \2 \2/p'\'' | sed '\''/ __gnu_lto/d'\'''
lt_cv_sys_global_symbol_to_c_name_address='sed -n -e '\''s/^: \([^ ]*\)[ ]*$/  {\"\1\", (void *) 0},/p'\'' -e '\''s/^[ABCDGIRSTW]* \([^ ]*\) \([^ ]*\)$/  {"\2", (void *) \&\2},/p'\'''
lt_cv_sys_global_symbol_to_c_name_address_lib_prefix='sed -n -e '\''s/^: \([^ ]*\)[ ]*$/  {\"\1\", (void *) 0},/p'\'' -e '\''s/^[ABCDGIRSTW]* \([^ ]*\) \(lib[^ ]*\)$/  {"\2", (void *) \&\2},/p'\'' -e '\''s/^[ABCDGIRSTW]* \([^ ]*\) \([^ ]*\)$/  {"lib\2", (void *) \&\2},/p'\'''
lt_cv_sys_global_symbol_to_cdecl='sed -n -e '\''s/^T .* \(.*\)$/extern int \1();/p'\'' -e '\''s/^[ABCDGIRSTW]* .* \(.*\)$/extern char \1;/p'\'''
lt_cv_sys_max_cmd_len=1572864
lt_cv_to_host_file_cmd=func_convert_file_noop
lt_cv_to_tool_file_cmd=func_convert_file_noop

## ----------------- ##
## Output variables. ##
## ----------------- ##

ACLOCAL='${SHELL} /media/leeswon/Data/Research/robot_modeling/LWPR/lwpr-1.2.6/build-aux/missing aclocal-1.14'
AMDEPBACKSLASH='\'
AMDEP_FALSE='#'
AMDEP_TRUE=''
AMTAR='$${TAR-tar}'
AM_BACKSLASH='\'
AM_DEFAULT_V='$(AM_DEFAULT_VERBOSITY)'
AM_DEFAULT_VERBOSITY='1'
AM_V='$(V)'
AR='ar'
AUTOCONF='${SHELL} /media/leeswon/Data/Research/robot_modeling/LWPR/lwpr-1.2.6/build-aux/missing autoconf'
AUTOHEADER='${SHELL} /media/leeswon/Data/Research/robot_modeling/LWPR/lwpr-1.2.6/build-aux/missing autoheader'
AUTOMAKE='${SHELL} /media/leeswon/Data/Research/robot_modeling/LWPR/lwpr-1.2.6/build-aux/missing automake-1.14'
AWK='mawk'
CC='gcc'
CCDEPMODE='depmode=gcc3'
CFLAGS='-g -O2'
CPP='gcc -E'
CPPFLAGS=''
CXX='g++'
CXXCPP='g++ -E'
CXXDEPMODE='depmode=gcc3'
CXXFLAGS='-g -O2'
CYGPATH_W='echo'
DEFS='-DHAVE_CONFIG_H'
DEPDIR='.deps'
DLLTOOL='false'
DSYMUTIL=''
DUMPBIN=''
ECHO_C=''
ECHO_N='-n'
ECHO_T=''
EGREP='/bin/grep -E'
EXEEXT=''
FGREP='/bin/grep -F'
GREP='/bin/grep'
INSTALL_DATA='${INSTALL} -m 644'
INSTALL_PROGRAM='${INSTALL}'
INSTALL_SCRIPT='${INSTALL}'
INSTALL_STRIP_PROGRAM='$(install_sh) -c -s'
LD='/usr/bin/ld -m elf_x86_64'
LDFLAGS=''
LIBOBJS=''
LIBS='-lpthread -lm -lexpat '
LIBTOOL='$(SHELL) $(top_builddir)/libtool'
LIPO=''
LN_S='ln -s'
LTLIBOBJS=''
MAKEINFO='${SHELL} /media/leeswon/Data/Research/robot_modeling/LWPR/lwpr-1.2.6/build-aux/missing makeinfo'
MANIFEST_TOOL=':'
MATLAB_PATH=''
MEXSUB=''
MKDIR_P='/bin/mkdir -p'
NM='/usr/bin/nm -B'
NMEDIT=''
OBJDUMP='objdump'
OBJEXT='o'
OCTAVE_PATH=''
OCTINCLUDEPATH=''
OCTSUB=''
OTOOL64=''
OTOOL=''
PACKAGE='lwpr'
PACKAGE_BUGREPORT='sethu.vijayakumar@ed.ac.uk'
PACKAGE_NAME='lwpr'
PACKAGE_STRING='lwpr 1.2.6'
PACKAGE_TARNAME='lwpr'
PACKAGE_URL=''
PACKAGE_VERSION='1.2.6'
PATH_SEPARATOR=':'
POW_LIB=''
RANLIB='ranlib'
SED='/bin/sed'
SET_MAKE=''
SHELL='/bin/bash'
STRIP='strip'
VERSION='1.2.6'
ac_ct_AR='ar'
ac_ct_CC='gcc'
ac_ct_CXX='g++'
ac_ct_DUMPBIN=''
am__EXEEXT_FALSE=''
am__EXEEXT_TRUE='#'
am__fastdepCC_FALSE='#'
am__fastdepCC_TRUE=''
am__fastdepCXX_FALSE='#'
am__fastdepCXX_TRUE=''
am__include='include'
am__isrc=''
am__leading_dot='.'
am__nodep='_no'
am__quote=''
am__tar='$${TAR-tar} chof - "$$tardir"'
am__untar='$${TAR-tar} xf -'
bindir='${exec_prefix}/bin'
build='x86_64-unknown-linux-gnu'
build_alias=''
build_cpu='x86_64'
build_os='linux-gnu'
build_vendor='unknown'
datadir='${datarootdir}'
datarootdir='${prefix}/share'
docdir='${datarootdir}/doc/${PACKAGE_TARNAME}'
dvidir='${docdir}'
exec_prefix='${prefix}'
host='x86_64-unknown-linux-gnu'
host_alias=''
host_cpu='x86_64'
host_os='linux-gnu'
host_vendor='unknown'
htmldir='${docdir}'
includedir='${prefix}/include'
infodir='${datarootdir}/info'
install_sh='${SHELL} /media/leeswon/Data/Research/robot_modeling/LWPR/lwpr-1.2.6/build-aux/install-sh'
libdir='${exec_prefix}/lib'
libexecdir='${exec_prefix}/libexec'
localedir='${datarootdir}/locale'
localstatedir='${prefix}/var'
mandir='${datarootdir}/man'
mkdir_p='$(MKDIR_P)'
oldincludedir='/usr/include'
pdfdir='${docdir}'
prefix='/usr/local'
program_transform_name='s,x,x,'
psdir='${docdir}'
sbindir='${exec_prefix}/sbin'
sharedstatedir='${prefix}/com'
sysconfdir='${prefix}/etc'
target_alias=''

## ----------- ##
## confdefs.h. ##
## ----------- ##

/* confdefs.h */
#define PACKAGE_NAME "lwpr"
#define PACKAGE_TARNAME "lwpr"
#define PACKAGE_VERSION "1.2.6"
#define PACKAGE_STRING "lwpr 1.2.6"
#define PACKAGE_BUGREPORT "sethu.vijayakumar@ed.ac.uk"
#define PACKAGE_URL ""
#define STDC_HEADERS 1
#define HAVE_SYS_TYPES_H 1
#define HAVE_SYS_STAT_H 1
#define HAVE_STDLIB_H 1
#define HAVE_STRING_H 1
#define HAVE_MEMORY_H 1
#define HAVE_STRINGS_H 1
#define HAVE_INTTYPES_H 1
#define HAVE_STDINT_H 1
#define HAVE_UNISTD_H 1
#define HAVE_DLFCN_H 1
#define LT_OBJDIR ".libs/"
#define PACKAGE "lwpr"
#define VERSION "1.2.6"
#define HAVE_LIBEXPAT 1
#define HAVE_LIBM 1
#define HAVE_LIBPTHREAD 1
#define HAVE_MEMSET 1
#define HAVE_STRCASECMP 1
#define HAVE_STRTOL 1
#define HAVE_STDLIB_H 1
#define HAVE_MALLOC 1
#define HAVE__BOOL 1
#define HAVE_STDBOOL_H 1
#define STDC_HEADERS 1
#define NUM_THREADS 1

configure: exit 0
